<?xml version="1.0" encoding="UTF-8" ?>
<testsuite failures="1" time="266.464" errors="0" skipped="0" tests="11" name="TestSuite">
  <properties>
    <property name="idea.version" value="14.1.3"/>
    <property name="java.runtime.name" value="Java(TM) SE Runtime Environment"/>
    <property name="sun.boot.library.path" value="/usr/lib/jvm/java-7-oracle/jre/lib/amd64"/>
    <property name="java.vm.version" value="24.80-b11"/>
    <property name="propertiesFile" value="TEST_CHROME.properties"/>
    <property name="java.vm.vendor" value="Oracle Corporation"/>
    <property name="java.vendor.url" value="http://java.oracle.com/"/>
    <property name="path.separator" value=":"/>
    <property name="guice.disable.misplaced.annotation.check" value="true"/>
    <property name="java.vm.name" value="Java HotSpot(TM) 64-Bit Server VM"/>
    <property name="file.encoding.pkg" value="sun.io"/>
    <property name="idea.launcher.port" value="7532"/>
    <property name="user.country" value="GB"/>
    <property name="sun.java.launcher" value="SUN_STANDARD"/>
    <property name="sun.os.patch.level" value="unknown"/>
    <property name="java.vm.specification.name" value="Java Virtual Machine Specification"/>
    <property name="user.dir" value="/home/administrativo/AutilliJ-project/siholenium"/>
    <property name="java.runtime.version" value="1.7.0_80-b15"/>
    <property name="java.awt.graphicsenv" value="sun.awt.X11GraphicsEnvironment"/>
    <property name="java.endorsed.dirs" value="/usr/lib/jvm/java-7-oracle/jre/lib/endorsed"/>
    <property name="os.arch" value="amd64"/>
    <property name="java.io.tmpdir" value="/tmp"/>
    <property name="line.separator" value="
"/>
    <property name="java.vm.specification.vendor" value="Oracle Corporation"/>
    <property name="os.name" value="Linux"/>
    <property name="classworlds.conf" value="/opt/idea-IC-141.1010.3/plugins/maven/lib/maven3/bin/m2.conf"/>
    <property name="sun.jnu.encoding" value="UTF-8"/>
    <property name="java.library.path" value="/opt/idea-IC-141.1010.3/bin::/usr/java/packages/lib/amd64:/usr/lib64:/lib64:/lib:/usr/lib"/>
    <property name="java.specification.name" value="Java Platform API Specification"/>
    <property name="java.class.version" value="51.0"/>
    <property name="sun.management.compiler" value="HotSpot 64-Bit Tiered Compilers"/>
    <property name="os.version" value="3.13.0-61-generic"/>
    <property name="user.home" value="/home/administrativo"/>
    <property name="user.timezone" value="America/Mexico_City"/>
    <property name="java.awt.printerjob" value="sun.print.PSPrinterJob"/>
    <property name="java.specification.version" value="1.7"/>
    <property name="idea.launcher.bin.path" value="/opt/idea-IC-141.1010.3/bin"/>
    <property name="file.encoding" value="UTF-8"/>
    <property name="user.name" value="administrativo"/>
    <property name="java.class.path" value="/opt/idea-IC-141.1010.3/plugins/maven/lib/maven3/boot/plexus-classworlds-2.4.jar:/opt/idea-IC-141.1010.3/lib/idea_rt.jar"/>
    <property name="java.vm.specification.version" value="1.7"/>
    <property name="sun.arch.data.model" value="64"/>
    <property name="java.home" value="/usr/lib/jvm/java-7-oracle/jre"/>
    <property name="sun.java.command" value="com.intellij.rt.execution.application.AppMain org.codehaus.classworlds.Launcher -Didea.version=14.1.3 clean install -U -DpropertiesFile=TEST_CHROME.properties -DsuiteFile=suite_smoke.xml"/>
    <property name="java.specification.vendor" value="Oracle Corporation"/>
    <property name="user.language" value="en"/>
    <property name="awt.toolkit" value="sun.awt.X11.XToolkit"/>
    <property name="java.vm.info" value="mixed mode"/>
    <property name="java.version" value="1.7.0_80"/>
    <property name="java.ext.dirs" value="/usr/lib/jvm/java-7-oracle/jre/lib/ext:/usr/java/packages/lib/ext"/>
    <property name="securerandom.source" value="file:/dev/./urandom"/>
    <property name="sun.boot.class.path" value="/usr/lib/jvm/java-7-oracle/jre/lib/resources.jar:/usr/lib/jvm/java-7-oracle/jre/lib/rt.jar:/usr/lib/jvm/java-7-oracle/jre/lib/sunrsasign.jar:/usr/lib/jvm/java-7-oracle/jre/lib/jsse.jar:/usr/lib/jvm/java-7-oracle/jre/lib/jce.jar:/usr/lib/jvm/java-7-oracle/jre/lib/charsets.jar:/usr/lib/jvm/java-7-oracle/jre/lib/jfr.jar:/usr/lib/jvm/java-7-oracle/jre/classes"/>
    <property name="java.vendor" value="Oracle Corporation"/>
    <property name="maven.home" value="/opt/idea-IC-141.1010.3/plugins/maven/lib/maven3"/>
    <property name="file.separator" value="/"/>
    <property name="java.vendor.url.bug" value="http://bugreport.sun.com/bugreport/"/>
    <property name="sun.cpu.endian" value="little"/>
    <property name="sun.io.unicode.encoding" value="UnicodeLittle"/>
    <property name="suiteFile" value="suite_smoke.xml"/>
    <property name="sun.desktop" value="gnome"/>
    <property name="sun.cpu.isalist" value=""/>
  </properties>
  <testcase time="14.37" classname="com.praxis.siho.test.smoke.ModuloAsignacionesSmokeTest" name="signOn"/>
  <testcase time="5.177" classname="com.praxis.siho.test.smoke.ModuloAsignacionesSmokeTest" name="casoAgregarLineaTecnologica"/>
  <testcase time="46.066" classname="com.praxis.siho.test.smoke.ModuloAsignacionesSmokeTest" name="casoEditarLineaTecnologica"/>
  <testcase time="59.59" classname="com.praxis.siho.test.smoke.ModuloAsignacionesSmokeTest" name="casoBorrarLineaTecnologica"/>
  <testcase time="12.527" classname="com.praxis.siho.test.smoke.PspSmokeTest" name="signOn"/>
  <testcase time="18.008" classname="com.praxis.siho.test.smoke.PspSmokeTest" name="casoAgregarACatalogoNivelFaseAct"/>
  <testcase time="4.312" classname="com.praxis.siho.test.smoke.PspSmokeTest" name="casoAgregarNuevaConfiguracionProyecto">
    <failure message="expected:&lt;Registro almacenado correctamente.&gt; but was:&lt;Nombre del ciclo existente para el proyecto seleccionado, Ingresa uno diferente.&gt;" type="java.lang.AssertionError">java.lang.AssertionError: expected:&lt;Registro almacenado correctamente.&gt; but was:&lt;Nombre del ciclo existente para el proyecto seleccionado, Ingresa uno diferente.&gt;
	at org.testng.Assert.fail(Assert.java:89)
	at org.testng.Assert.failNotEquals(Assert.java:489)
	at org.testng.Assert.assertEquals(Assert.java:118)
	at org.testng.Assert.assertEquals(Assert.java:171)
	at org.testng.Assert.assertEquals(Assert.java:181)
	at com.praxis.siho.test.smoke.PspSmokeTest.casoAgregarNuevaConfiguracionProyecto(PspSmokeTest.java:44)
</failure>
    <system-out>____________________________________________________
[test case: casoAgregarNuevaConfiguracionProyecto]
almost done
about to send: Nombre del ciclo existente para el proyecto seleccionado, Ingresa uno diferente.
</system-out>
  </testcase>
  <testcase time="18.066" classname="com.praxis.siho.test.smoke.PspSmokeTest" name="casoCapturarDefectos"/>
  <testcase time="34.847" classname="com.praxis.siho.test.smoke.PspSmokeTest" name="casoEstimacionDeTamanio"/>
  <testcase time="11.041" classname="com.praxis.siho.test.smoke.PspSmokeTest" name="casoAgregarDefectos"/>
  <testcase time="24.798" classname="com.praxis.siho.test.smoke.PspSmokeTest" name="casoBorrarDeCatalogoNivelFaseAct"/>
</testsuite>