<?xml version="1.0" encoding="UTF-8"?>
<!-- Generated by org.testng.reporters.JUnitReportReporter -->
<testsuite hostname="PXL201401134" name="com.praxis.siho.test.smoke.PspSmokeTest" tests="7" failures="0" timestamp="21 Aug 2015 17:09:39 GMT" time="123.593" errors="1">
  <testcase name="casoAgregarDefectos" time="11.041" classname="com.praxis.siho.test.smoke.PspSmokeTest"/>
  <testcase name="casoAgregarNuevaConfiguracionProyecto" time="4.310" classname="com.praxis.siho.test.smoke.PspSmokeTest">
    <error type="java.lang.AssertionError" message="expected:&lt;Registro almacenado correctamente.&gt; but was:&lt;Nombre del ciclo existente para el proyecto seleccionado, Ingresa uno diferente.&gt;">
      <![CDATA[java.lang.AssertionError: expected:<Registro almacenado correctamente.> but was:<Nombre del ciclo existente para el proyecto seleccionado, Ingresa uno diferente.>
	at org.testng.Assert.fail(Assert.java:89)
	at org.testng.Assert.failNotEquals(Assert.java:489)
	at org.testng.Assert.assertEquals(Assert.java:118)
	at org.testng.Assert.assertEquals(Assert.java:171)
	at org.testng.Assert.assertEquals(Assert.java:181)
	at com.praxis.siho.test.smoke.PspSmokeTest.casoAgregarNuevaConfiguracionProyecto(PspSmokeTest.java:44)
	at sun.reflect.NativeMethodAccessorImpl.invoke0(Native Method)
	at sun.reflect.NativeMethodAccessorImpl.invoke(NativeMethodAccessorImpl.java:57)
	at sun.reflect.DelegatingMethodAccessorImpl.invoke(DelegatingMethodAccessorImpl.java:43)
	at java.lang.reflect.Method.invoke(Method.java:606)
	at org.testng.internal.MethodInvocationHelper.invokeMethod(MethodInvocationHelper.java:80)
	at org.testng.internal.Invoker.invokeMethod(Invoker.java:691)
	at org.testng.internal.Invoker.invokeTestMethod(Invoker.java:883)
	at org.testng.internal.Invoker.invokeTestMethods(Invoker.java:1208)
	at org.testng.internal.TestMethodWorker.invokeTestMethods(TestMethodWorker.java:127)
	at org.testng.internal.TestMethodWorker.run(TestMethodWorker.java:111)
	at org.testng.TestRunner.privateRun(TestRunner.java:758)
	at org.testng.TestRunner.run(TestRunner.java:613)
	at org.testng.SuiteRunner.runTest(SuiteRunner.java:334)
	at org.testng.SuiteRunner.runSequentially(SuiteRunner.java:329)
	at org.testng.SuiteRunner.privateRun(SuiteRunner.java:291)
	at org.testng.SuiteRunner.run(SuiteRunner.java:240)
	at org.testng.SuiteRunnerWorker.runSuite(SuiteRunnerWorker.java:53)
	at org.testng.SuiteRunnerWorker.run(SuiteRunnerWorker.java:87)
	at org.testng.TestNG.runSuitesSequentially(TestNG.java:1137)
	at org.testng.TestNG.runSuitesLocally(TestNG.java:1062)
	at org.testng.TestNG.run(TestNG.java:974)
	at org.apache.maven.surefire.testng.TestNGExecutor.run(TestNGExecutor.java:122)
	at org.apache.maven.surefire.testng.TestNGXmlTestSuite.execute(TestNGXmlTestSuite.java:92)
	at org.apache.maven.surefire.testng.TestNGProvider.invoke(TestNGProvider.java:101)
	at sun.reflect.NativeMethodAccessorImpl.invoke0(Native Method)
	at sun.reflect.NativeMethodAccessorImpl.invoke(NativeMethodAccessorImpl.java:57)
	at sun.reflect.DelegatingMethodAccessorImpl.invoke(DelegatingMethodAccessorImpl.java:43)
	at java.lang.reflect.Method.invoke(Method.java:606)
	at org.apache.maven.surefire.util.ReflectionUtils.invokeMethodWithArray(ReflectionUtils.java:164)
	at org.apache.maven.surefire.booter.ProviderFactory$ProviderProxy.invoke(ProviderFactory.java:110)
	at org.apache.maven.surefire.booter.SurefireStarter.invokeProvider(SurefireStarter.java:172)
	at org.apache.maven.surefire.booter.SurefireStarter.runSuitesInProcessWhenForked(SurefireStarter.java:104)
	at org.apache.maven.surefire.booter.ForkedBooter.main(ForkedBooter.java:70)
]]>
    </error>
  </testcase>
  <testcase name="casoAgregarACatalogoNivelFaseAct" time="18.006" classname="com.praxis.siho.test.smoke.PspSmokeTest"/>
  <testcase name="casoBorrarDeCatalogoNivelFaseAct" time="24.797" classname="com.praxis.siho.test.smoke.PspSmokeTest"/>
  <testcase name="casoEstimacionDeTamanio" time="34.847" classname="com.praxis.siho.test.smoke.PspSmokeTest"/>
  <testcase name="signOn" time="12.526" classname="com.praxis.siho.test.smoke.PspSmokeTest"/>
  <testcase name="casoCapturarDefectos" time="18.066" classname="com.praxis.siho.test.smoke.PspSmokeTest"/>
</testsuite>
